<?xml version="1.0" encoding="UTF-8"?>
<!-- Generated by org.testng.reporters.JUnitXMLReporter -->
<testsuite ignored="2" hostname="CPC-debas-HPLU6" failures="0" tests="2" name="Default test" time="7.512" errors="0" timestamp="2024-05-01T21:12:03 IST">
  <testcase classname="tests.AppointmentConfirmationPageTest" name="getFacilityValueTest" time="0.979"/>
  <testcase classname="tests.AppointmentConfirmationPageTest" name="getFacilityValueTest" time="0.89"/>
  <testcase classname="tests.AppointmentConfirmationPageTest" name="getConfirmationMsg" time="0.0">
    <ignored/>
  </testcase> <!-- getConfirmationMsg -->
  <testcase classname="tests.AppointmentConfirmationPageTest" name="getPageUrlTest" time="0.0">
    <ignored/>
  </testcase> <!-- getPageUrlTest -->
</testsuite> <!-- Default test -->
