<?xml version="1.0" encoding="UTF-8"?>
<testng-results ignored="0" total="1" passed="1" failed="0" skipped="0">
  <reporter-output>
  </reporter-output>
  <suite started-at="2024-04-23T18:08:41 IST" name="Default suite" finished-at="2024-04-23T18:08:48 IST" duration-ms="7623">
    <groups>
    </groups>
    <test started-at="2024-04-23T18:08:41 IST" name="Default test" finished-at="2024-04-23T18:08:48 IST" duration-ms="7623">
      <class name="tests.RegistrationPageTest">
        <test-method is-config="true" signature="setup()[pri:0, instance:tests.RegistrationPageTest@6d60fe40]" started-at="2024-04-23T18:08:41 IST" name="setup" finished-at="2024-04-23T18:08:48 IST" duration-ms="7094" status="PASS">
          <reporter-output>
          </reporter-output>
        </test-method> <!-- setup -->
        <test-method signature="registrationTest()[pri:0, instance:tests.RegistrationPageTest@6d60fe40]" started-at="2024-04-23T18:08:48 IST" name="registrationTest" finished-at="2024-04-23T18:08:48 IST" duration-ms="94" status="PASS">
          <reporter-output>
          </reporter-output>
        </test-method> <!-- registrationTest -->
        <test-method is-config="true" signature="teardown()[pri:0, instance:tests.RegistrationPageTest@6d60fe40]" started-at="2024-04-23T18:08:48 IST" name="teardown" finished-at="2024-04-23T18:08:48 IST" duration-ms="333" status="PASS">
          <reporter-output>
          </reporter-output>
        </test-method> <!-- teardown -->
      </class> <!-- tests.RegistrationPageTest -->
    </test> <!-- Default test -->
  </suite> <!-- Default suite -->
</testng-results>
